<?xml version="1.0" encoding="UTF-8"?>
<testng-results skipped="0" failed="0" ignored="0" total="5" passed="5">
  <reporter-output>
  </reporter-output>
  <suite name="TestPlan" duration-ms="31531" started-at="2022-04-27T09:09:49 BST" finished-at="2022-04-27T09:10:20 BST">
    <groups>
    </groups>
    <test name="Command line test" duration-ms="31531" started-at="2022-04-27T09:09:49 BST" finished-at="2022-04-27T09:10:20 BST">
      <class name="TestPlan">
        <test-method status="PASS" signature="testAinvalidRegisterDetails()[pri:0, instance:TestPlan@1b66c0fb]" name="testAinvalidRegisterDetails" duration-ms="8347" started-at="2022-04-27T09:09:49 BST" finished-at="2022-04-27T09:09:57 BST">
          <reporter-output>
          </reporter-output>
        </test-method> <!-- testAinvalidRegisterDetails -->
        <test-method status="PASS" signature="testBuserSignUp()[pri:0, instance:TestPlan@1b66c0fb]" name="testBuserSignUp" duration-ms="7584" started-at="2022-04-27T09:09:57 BST" finished-at="2022-04-27T09:10:05 BST">
          <reporter-output>
          </reporter-output>
        </test-method> <!-- testBuserSignUp -->
        <test-method status="PASS" signature="testCnewSavingsAccount()[pri:0, instance:TestPlan@1b66c0fb]" name="testCnewSavingsAccount" duration-ms="8756" started-at="2022-04-27T09:10:05 BST" finished-at="2022-04-27T09:10:14 BST">
          <reporter-output>
          </reporter-output>
        </test-method> <!-- testCnewSavingsAccount -->
        <test-method status="PASS" signature="testDfundsTransfer()[pri:0, instance:TestPlan@1b66c0fb]" name="testDfundsTransfer" duration-ms="4459" started-at="2022-04-27T09:10:14 BST" finished-at="2022-04-27T09:10:18 BST">
          <reporter-output>
          </reporter-output>
        </test-method> <!-- testDfundsTransfer -->
        <test-method status="PASS" signature="testEforgotLoginInfo()[pri:0, instance:TestPlan@1b66c0fb]" name="testEforgotLoginInfo" duration-ms="2328" started-at="2022-04-27T09:10:18 BST" finished-at="2022-04-27T09:10:20 BST">
          <reporter-output>
          </reporter-output>
        </test-method> <!-- testEforgotLoginInfo -->
        <test-method status="PASS" signature="cleanUp()[pri:0, instance:TestPlan@1b66c0fb]" name="cleanUp" is-config="true" duration-ms="202" started-at="2022-04-27T09:10:20 BST" finished-at="2022-04-27T09:10:21 BST">
          <reporter-output>
          </reporter-output>
        </test-method> <!-- cleanUp -->
      </class> <!-- TestPlan -->
    </test> <!-- Command line test -->
  </suite> <!-- TestPlan -->
</testng-results>
