<?xml version="1.0" encoding="UTF-8" ?>
<testsuite tests="5" failures="0" name="TestPlan" time="31.465" errors="0" skipped="0">
  <properties>
[...]
</properties>
  <testcase classname="TestPlan" name="testAinvalidRegisterDetails" time="8.345"/>
  <testcase classname="TestPlan" name="testBuserSignUp" time="7.578"/>
  <testcase classname="TestPlan" name="testCnewSavingsAccount" time="8.755"/>
  <testcase classname="TestPlan" name="testDfundsTransfer" time="4.459"/>
  <testcase classname="TestPlan" name="testEforgotLoginInfo" time="2.328"/>
</testsuite>